Build started 27-7-2012 18:04:51.
     1>Project "C:\Users\Oskar\documents\visual studio 2010\Projects\OpenGL-GLFW\OpenGL-GLFW\OpenGL-GLFW.vcxproj" on node 2 (build target(s)).
     1>InitializeBuildStatus:
         Creating "Debug\OpenGL-GLFW.unsuccessfulbuild" because "AlwaysCreate" was specified.
       ClCompile:
         c:\Program Files (x86)\Microsoft Visual Studio 10.0\VC\bin\CL.exe /c /ZI /nologo /W3 /WX- /Od /Oy- /D _MBCS /Gm /EHsc /RTC1 /MDd /GS /fp:precise /Zc:wchar_t /Zc:forScope /Fo"Debug\\" /Fd"Debug\vc100.pdb" /Gd /TP /analyze- /errorReport:prompt error.cpp main.cpp program.cpp shader.cpp
         shader.cpp
         program.cpp
     1>c:\users\oskar\documents\visual studio 2010\projects\opengl-glfw\opengl-glfw\program.cpp(130): warning C4244: '-=' : conversion from 'double' to 'float', possible loss of data
     1>c:\users\oskar\documents\visual studio 2010\projects\opengl-glfw\opengl-glfw\program.cpp(134): warning C4244: '+=' : conversion from 'double' to 'float', possible loss of data
         main.cpp
         error.cpp
         Generating Code...
       Link:
         c:\Program Files (x86)\Microsoft Visual Studio 10.0\VC\bin\link.exe /ERRORREPORT:PROMPT /OUT:"C:\Users\Oskar\documents\visual studio 2010\Projects\OpenGL-GLFW\Debug\OpenGL-GLFW.exe" /NOLOGO glew32.lib opengl32.lib glfw.lib kernel32.lib user32.lib gdi32.lib winspool.lib comdlg32.lib advapi32.lib shell32.lib ole32.lib oleaut32.lib uuid.lib odbc32.lib odbccp32.lib /MANIFEST /ManifestFile:"Debug\OpenGL-GLFW.exe.intermediate.manifest" /MANIFESTUAC:"level='asInvoker' uiAccess='false'" /DEBUG /PDB:"C:\Users\Oskar\documents\visual studio 2010\Projects\OpenGL-GLFW\Debug\OpenGL-GLFW.pdb" /TLBID:1 /DYNAMICBASE /NXCOMPAT /IMPLIB:"C:\Users\Oskar\documents\visual studio 2010\Projects\OpenGL-GLFW\Debug\OpenGL-GLFW.lib" /MACHINE:X86 Debug\error.obj
         Debug\main.obj
         Debug\program.obj
         Debug\shader.obj  /NODEFAULTLIB:"MSVCRT" 
         OpenGL-GLFW.vcxproj -> C:\Users\Oskar\documents\visual studio 2010\Projects\OpenGL-GLFW\Debug\OpenGL-GLFW.exe
       Manifest:
         C:\Program Files (x86)\Microsoft SDKs\Windows\v7.0A\bin\mt.exe /nologo /verbose /outputresource:"C:\Users\Oskar\documents\visual studio 2010\Projects\OpenGL-GLFW\Debug\OpenGL-GLFW.exe;#1" /manifest "Debug\OpenGL-GLFW.exe.intermediate.manifest"
       FinalizeBuildStatus:
         Deleting file "Debug\OpenGL-GLFW.unsuccessfulbuild".
         Touching "Debug\OpenGL-GLFW.lastbuildstate".
     1>Done Building Project "C:\Users\Oskar\documents\visual studio 2010\Projects\OpenGL-GLFW\OpenGL-GLFW\OpenGL-GLFW.vcxproj" (build target(s)).

Build succeeded.

Time Elapsed 00:00:03.09
